<?xml version="1.0" encoding="UTF-8"?>
<!-- Generated by org.testng.reporters.JUnitXMLReporter -->
<testsuite hostname="DESKTOP-HR3R6BQ" ignored="0" name="Test" tests="4" failures="0" timestamp="03 Nov 2019 19:10:19 GMT" time="106.911" errors="0">
  <testcase name="navigateURL" time="12.709" classname="com.google.links100.Link1"/>
  <testcase name="navigateURL" time="8.837" classname="com.google.links100.Link2"/>
  <testcase name="navigateURL" time="9.878" classname="com.google.links200.Link11"/>
  <testcase name="navigateURL" time="15.037" classname="com.google.links200.Link12"/>
</testsuite> <!-- Test -->
